androidApp/build/intermediates/manifest_merge_blame_file/debug/manifest-merger-blame-debug-report.txt
1<?xml version="1.0" encoding="utf-8"?>
2<manifest xmlns:android="http://schemas.android.com/apk/res/android"
3    package="com.example.cryptoapp"
4    android:versionCode="1"
5    android:versionName="1.0" >
6
7    <uses-sdk
8        android:minSdkVersion="24"
9        android:targetSdkVersion="34" />
10
11    <!-- Android 13+ requires explicit POST_NOTIFICATIONS permission -->
12    <uses-permission android:name="android.permission.POST_NOTIFICATIONS" />
12-->src\main\AndroidManifest.xml:5:5-77
12-->src\main\AndroidManifest.xml:5:22-74
13
14    <queries>
14-->src\main\AndroidManifest.xml:7:5-12:15
15        <intent>
15-->src\main\AndroidManifest.xml:8:9-11:18
16            <action android:name="android.intent.action.VIEW" />
16-->src\main\AndroidManifest.xml:9:13-65
16-->src\main\AndroidManifest.xml:9:21-62
17
18            <data android:scheme="upi" />
18-->src\main\AndroidManifest.xml:10:13-42
18-->src\main\AndroidManifest.xml:10:19-39
19        </intent>
20        <!-- Needs to be explicitly declared on Android R+ -->
21        <package android:name="com.google.android.apps.maps" />
21-->[com.google.android.gms:play-services-maps:18.0.2] AndroidManifest.xml:33:9-64
21-->[com.google.android.gms:play-services-maps:18.0.2] AndroidManifest.xml:33:18-61
22    </queries>
23    <!-- Include required permissions for Google Maps API to run. -->
24    <uses-permission android:name="android.permission.ACCESS_NETWORK_STATE" />
24-->[com.google.android.gms:play-services-maps:18.0.2] AndroidManifest.xml:23:5-79
24-->[com.google.android.gms:play-services-maps:18.0.2] AndroidManifest.xml:23:22-76
25    <uses-permission android:name="android.permission.INTERNET" />
25-->[com.google.android.gms:play-services-maps:18.0.2] AndroidManifest.xml:24:5-67
25-->[com.google.android.gms:play-services-maps:18.0.2] AndroidManifest.xml:24:22-64
26
27    <uses-feature
27-->[com.google.android.gms:play-services-maps:18.0.2] AndroidManifest.xml:26:5-28:35
28        android:glEsVersion="0x00020000"
28-->[com.google.android.gms:play-services-maps:18.0.2] AndroidManifest.xml:27:9-41
29        android:required="true" />
29-->[com.google.android.gms:play-services-maps:18.0.2] AndroidManifest.xml:28:9-32
30
31    <uses-permission android:name="android.permission.WAKE_LOCK" /> <!-- Required by older versions of Google Play services to create IID tokens -->
31-->[com.google.firebase:firebase-messaging:24.0.0] AndroidManifest.xml:24:5-68
31-->[com.google.firebase:firebase-messaging:24.0.0] AndroidManifest.xml:24:22-65
32    <uses-permission android:name="com.google.android.c2dm.permission.RECEIVE" />
32-->[com.google.firebase:firebase-messaging:24.0.0] AndroidManifest.xml:26:5-82
32-->[com.google.firebase:firebase-messaging:24.0.0] AndroidManifest.xml:26:22-79
33
34    <permission
34-->[androidx.core:core:1.12.0] AndroidManifest.xml:22:5-24:47
35        android:name="com.example.cryptoapp.DYNAMIC_RECEIVER_NOT_EXPORTED_PERMISSION"
35-->[androidx.core:core:1.12.0] AndroidManifest.xml:23:9-81
36        android:protectionLevel="signature" />
36-->[androidx.core:core:1.12.0] AndroidManifest.xml:24:9-44
37
38    <uses-permission android:name="com.example.cryptoapp.DYNAMIC_RECEIVER_NOT_EXPORTED_PERMISSION" />
38-->[androidx.core:core:1.12.0] AndroidManifest.xml:26:5-97
38-->[androidx.core:core:1.12.0] AndroidManifest.xml:26:22-94
39
40    <application
40-->src\main\AndroidManifest.xml:14:5-50:19
41        android:allowBackup="true"
41-->src\main\AndroidManifest.xml:15:9-35
42        android:appComponentFactory="androidx.core.app.CoreComponentFactory"
42-->[androidx.core:core:1.12.0] AndroidManifest.xml:28:18-86
43        android:debuggable="true"
44        android:extractNativeLibs="false"
45        android:icon="@android:drawable/ic_dialog_info"
45-->src\main\AndroidManifest.xml:16:9-56
46        android:label="Crypto App"
46-->src\main\AndroidManifest.xml:17:9-35
47        android:supportsRtl="true"
47-->src\main\AndroidManifest.xml:18:9-35
48        android:testOnly="true"
49        android:theme="@android:style/Theme.Material.Light.NoActionBar" >
49-->src\main\AndroidManifest.xml:19:9-72
50
51        <!-- Required: Tells Google Play Services that this app uses the Wallet API -->
52        <meta-data
52-->src\main\AndroidManifest.xml:22:9-24:36
53            android:name="com.google.android.gms.wallet.api.enabled"
53-->src\main\AndroidManifest.xml:23:13-69
54            android:value="true" />
54-->src\main\AndroidManifest.xml:24:13-33
55
56        <!-- Firebase: default notification channel for background messages -->
57        <meta-data
57-->src\main\AndroidManifest.xml:27:9-29:51
58            android:name="com.google.firebase.messaging.default_notification_channel_id"
58-->src\main\AndroidManifest.xml:28:13-89
59            android:value="crypto_push_channel" />
59-->src\main\AndroidManifest.xml:29:13-48
60
61        <activity
61-->src\main\AndroidManifest.xml:31:9-39:20
62            android:name="com.example.cryptoapp.MainActivity"
62-->src\main\AndroidManifest.xml:32:13-41
63            android:exported="true"
63-->src\main\AndroidManifest.xml:33:13-36
64            android:theme="@android:style/Theme.Material.Light.NoActionBar" >
64-->src\main\AndroidManifest.xml:34:13-76
65            <intent-filter>
65-->src\main\AndroidManifest.xml:35:13-38:29
66                <action android:name="android.intent.action.MAIN" />
66-->src\main\AndroidManifest.xml:36:17-69
66-->src\main\AndroidManifest.xml:36:25-66
67
68                <category android:name="android.intent.category.LAUNCHER" />
68-->src\main\AndroidManifest.xml:37:17-77
68-->src\main\AndroidManifest.xml:37:27-74
69            </intent-filter>
70        </activity>
71
72        <!-- Firebase Cloud Messaging service -->
73        <service
73-->src\main\AndroidManifest.xml:42:9-48:19
74            android:name="com.example.cryptoapp.MyFirebaseMessagingService"
74-->src\main\AndroidManifest.xml:43:13-55
75            android:exported="false" >
75-->src\main\AndroidManifest.xml:44:13-37
76            <intent-filter>
76-->src\main\AndroidManifest.xml:45:13-47:29
77                <action android:name="com.google.firebase.MESSAGING_EVENT" />
77-->src\main\AndroidManifest.xml:46:17-78
77-->src\main\AndroidManifest.xml:46:25-75
78            </intent-filter>
79        </service>
80
81        <!-- Needs to be explicitly declared on P+ -->
82        <uses-library
82-->[com.google.android.gms:play-services-maps:18.0.2] AndroidManifest.xml:39:9-41:40
83            android:name="org.apache.http.legacy"
83-->[com.google.android.gms:play-services-maps:18.0.2] AndroidManifest.xml:40:13-50
84            android:required="false" />
84-->[com.google.android.gms:play-services-maps:18.0.2] AndroidManifest.xml:41:13-37
85
86        <service
86-->[com.google.firebase:firebase-messaging-ktx:24.0.0] AndroidManifest.xml:23:9-29:19
87            android:name="com.google.firebase.components.ComponentDiscoveryService"
87-->[com.google.firebase:firebase-messaging-ktx:24.0.0] AndroidManifest.xml:24:13-84
88            android:directBootAware="true"
88-->[com.google.firebase:firebase-common:21.0.0] AndroidManifest.xml:32:13-43
89            android:exported="false" >
89-->[com.google.firebase:firebase-messaging-ktx:24.0.0] AndroidManifest.xml:25:13-37
90            <meta-data
90-->[com.google.firebase:firebase-messaging-ktx:24.0.0] AndroidManifest.xml:26:13-28:85
91                android:name="com.google.firebase.components:com.google.firebase.messaging.ktx.FirebaseMessagingLegacyRegistrar"
91-->[com.google.firebase:firebase-messaging-ktx:24.0.0] AndroidManifest.xml:27:17-129
92                android:value="com.google.firebase.components.ComponentRegistrar" />
92-->[com.google.firebase:firebase-messaging-ktx:24.0.0] AndroidManifest.xml:28:17-82
93            <meta-data
93-->[com.google.firebase:firebase-messaging:24.0.0] AndroidManifest.xml:57:13-59:85
94                android:name="com.google.firebase.components:com.google.firebase.messaging.FirebaseMessagingKtxRegistrar"
94-->[com.google.firebase:firebase-messaging:24.0.0] AndroidManifest.xml:58:17-122
95                android:value="com.google.firebase.components.ComponentRegistrar" />
95-->[com.google.firebase:firebase-messaging:24.0.0] AndroidManifest.xml:59:17-82
96            <meta-data
96-->[com.google.firebase:firebase-messaging:24.0.0] AndroidManifest.xml:60:13-62:85
97                android:name="com.google.firebase.components:com.google.firebase.messaging.FirebaseMessagingRegistrar"
97-->[com.google.firebase:firebase-messaging:24.0.0] AndroidManifest.xml:61:17-119
98                android:value="com.google.firebase.components.ComponentRegistrar" />
98-->[com.google.firebase:firebase-messaging:24.0.0] AndroidManifest.xml:62:17-82
99            <meta-data
99-->[com.google.firebase:firebase-installations:18.0.0] AndroidManifest.xml:15:13-17:85
100                android:name="com.google.firebase.components:com.google.firebase.installations.FirebaseInstallationsKtxRegistrar"
100-->[com.google.firebase:firebase-installations:18.0.0] AndroidManifest.xml:16:17-130
101                android:value="com.google.firebase.components.ComponentRegistrar" />
101-->[com.google.firebase:firebase-installations:18.0.0] AndroidManifest.xml:17:17-82
102            <meta-data
102-->[com.google.firebase:firebase-installations:18.0.0] AndroidManifest.xml:18:13-20:85
103                android:name="com.google.firebase.components:com.google.firebase.installations.FirebaseInstallationsRegistrar"
103-->[com.google.firebase:firebase-installations:18.0.0] AndroidManifest.xml:19:17-127
104                android:value="com.google.firebase.components.ComponentRegistrar" />
104-->[com.google.firebase:firebase-installations:18.0.0] AndroidManifest.xml:20:17-82
105            <meta-data
105-->[com.google.firebase:firebase-common-ktx:21.0.0] AndroidManifest.xml:12:13-14:85
106                android:name="com.google.firebase.components:com.google.firebase.ktx.FirebaseCommonLegacyRegistrar"
106-->[com.google.firebase:firebase-common-ktx:21.0.0] AndroidManifest.xml:13:17-116
107                android:value="com.google.firebase.components.ComponentRegistrar" />
107-->[com.google.firebase:firebase-common-ktx:21.0.0] AndroidManifest.xml:14:17-82
108            <meta-data
108-->[com.google.firebase:firebase-common:21.0.0] AndroidManifest.xml:35:13-37:85
109                android:name="com.google.firebase.components:com.google.firebase.FirebaseCommonKtxRegistrar"
109-->[com.google.firebase:firebase-common:21.0.0] AndroidManifest.xml:36:17-109
110                android:value="com.google.firebase.components.ComponentRegistrar" />
110-->[com.google.firebase:firebase-common:21.0.0] AndroidManifest.xml:37:17-82
111            <meta-data
111-->[com.google.firebase:firebase-datatransport:18.2.0] AndroidManifest.xml:25:13-27:85
112                android:name="com.google.firebase.components:com.google.firebase.datatransport.TransportRegistrar"
112-->[com.google.firebase:firebase-datatransport:18.2.0] AndroidManifest.xml:26:17-115
113                android:value="com.google.firebase.components.ComponentRegistrar" />
113-->[com.google.firebase:firebase-datatransport:18.2.0] AndroidManifest.xml:27:17-82
114        </service>
115
116        <receiver
116-->[com.google.firebase:firebase-messaging:24.0.0] AndroidManifest.xml:29:9-40:20
117            android:name="com.google.firebase.iid.FirebaseInstanceIdReceiver"
117-->[com.google.firebase:firebase-messaging:24.0.0] AndroidManifest.xml:30:13-78
118            android:exported="true"
118-->[com.google.firebase:firebase-messaging:24.0.0] AndroidManifest.xml:31:13-36
119            android:permission="com.google.android.c2dm.permission.SEND" >
119-->[com.google.firebase:firebase-messaging:24.0.0] AndroidManifest.xml:32:13-73
120            <intent-filter>
120-->[com.google.firebase:firebase-messaging:24.0.0] AndroidManifest.xml:33:13-35:29
121                <action android:name="com.google.android.c2dm.intent.RECEIVE" />
121-->[com.google.firebase:firebase-messaging:24.0.0] AndroidManifest.xml:34:17-81
121-->[com.google.firebase:firebase-messaging:24.0.0] AndroidManifest.xml:34:25-78
122            </intent-filter>
123
124            <meta-data
124-->[com.google.firebase:firebase-messaging:24.0.0] AndroidManifest.xml:37:13-39:40
125                android:name="com.google.android.gms.cloudmessaging.FINISHED_AFTER_HANDLED"
125-->[com.google.firebase:firebase-messaging:24.0.0] AndroidManifest.xml:38:17-92
126                android:value="true" />
126-->[com.google.firebase:firebase-messaging:24.0.0] AndroidManifest.xml:39:17-37
127        </receiver>
128        <!--
129             FirebaseMessagingService performs security checks at runtime,
130             but set to not exported to explicitly avoid allowing another app to call it.
131        -->
132        <service
132-->[com.google.firebase:firebase-messaging:24.0.0] AndroidManifest.xml:46:9-53:19
133            android:name="com.google.firebase.messaging.FirebaseMessagingService"
133-->[com.google.firebase:firebase-messaging:24.0.0] AndroidManifest.xml:47:13-82
134            android:directBootAware="true"
134-->[com.google.firebase:firebase-messaging:24.0.0] AndroidManifest.xml:48:13-43
135            android:exported="false" >
135-->[com.google.firebase:firebase-messaging:24.0.0] AndroidManifest.xml:49:13-37
136            <intent-filter android:priority="-500" >
136-->src\main\AndroidManifest.xml:45:13-47:29
137                <action android:name="com.google.firebase.MESSAGING_EVENT" />
137-->src\main\AndroidManifest.xml:46:17-78
137-->src\main\AndroidManifest.xml:46:25-75
138            </intent-filter>
139        </service>
140
141        <activity
141-->[com.google.android.gms:play-services-base:18.5.0] AndroidManifest.xml:5:9-173
142            android:name="com.google.android.gms.common.api.GoogleApiActivity"
142-->[com.google.android.gms:play-services-base:18.5.0] AndroidManifest.xml:5:19-85
143            android:exported="false"
143-->[com.google.android.gms:play-services-base:18.5.0] AndroidManifest.xml:5:146-170
144            android:theme="@android:style/Theme.Translucent.NoTitleBar" />
144-->[com.google.android.gms:play-services-base:18.5.0] AndroidManifest.xml:5:86-145
145
146        <provider
146-->[com.google.firebase:firebase-common:21.0.0] AndroidManifest.xml:23:9-28:39
147            android:name="com.google.firebase.provider.FirebaseInitProvider"
147-->[com.google.firebase:firebase-common:21.0.0] AndroidManifest.xml:24:13-77
148            android:authorities="com.example.cryptoapp.firebaseinitprovider"
148-->[com.google.firebase:firebase-common:21.0.0] AndroidManifest.xml:25:13-72
149            android:directBootAware="true"
149-->[com.google.firebase:firebase-common:21.0.0] AndroidManifest.xml:26:13-43
150            android:exported="false"
150-->[com.google.firebase:firebase-common:21.0.0] AndroidManifest.xml:27:13-37
151            android:initOrder="100" />
151-->[com.google.firebase:firebase-common:21.0.0] AndroidManifest.xml:28:13-36
152        <provider
152-->[androidx.emoji2:emoji2:1.3.0] AndroidManifest.xml:24:9-32:20
153            android:name="androidx.startup.InitializationProvider"
153-->[androidx.emoji2:emoji2:1.3.0] AndroidManifest.xml:25:13-67
154            android:authorities="com.example.cryptoapp.androidx-startup"
154-->[androidx.emoji2:emoji2:1.3.0] AndroidManifest.xml:26:13-68
155            android:exported="false" >
155-->[androidx.emoji2:emoji2:1.3.0] AndroidManifest.xml:27:13-37
156            <meta-data
156-->[androidx.emoji2:emoji2:1.3.0] AndroidManifest.xml:29:13-31:52
157                android:name="androidx.emoji2.text.EmojiCompatInitializer"
157-->[androidx.emoji2:emoji2:1.3.0] AndroidManifest.xml:30:17-75
158                android:value="androidx.startup" />
158-->[androidx.emoji2:emoji2:1.3.0] AndroidManifest.xml:31:17-49
159            <meta-data
159-->[androidx.lifecycle:lifecycle-process:2.8.0] AndroidManifest.xml:29:13-31:52
160                android:name="androidx.lifecycle.ProcessLifecycleInitializer"
160-->[androidx.lifecycle:lifecycle-process:2.8.0] AndroidManifest.xml:30:17-78
161                android:value="androidx.startup" />
161-->[androidx.lifecycle:lifecycle-process:2.8.0] AndroidManifest.xml:31:17-49
162            <meta-data
162-->[androidx.profileinstaller:profileinstaller:1.3.1] AndroidManifest.xml:29:13-31:52
163                android:name="androidx.profileinstaller.ProfileInstallerInitializer"
163-->[androidx.profileinstaller:profileinstaller:1.3.1] AndroidManifest.xml:30:17-85
164                android:value="androidx.startup" />
164-->[androidx.profileinstaller:profileinstaller:1.3.1] AndroidManifest.xml:31:17-49
165        </provider>
166
167        <meta-data
167-->[com.google.android.gms:play-services-basement:18.4.0] AndroidManifest.xml:6:9-122
168            android:name="com.google.android.gms.version"
168-->[com.google.android.gms:play-services-basement:18.4.0] AndroidManifest.xml:6:20-65
169            android:value="@integer/google_play_services_version" />
169-->[com.google.android.gms:play-services-basement:18.4.0] AndroidManifest.xml:6:66-119
170
171        <receiver
171-->[androidx.profileinstaller:profileinstaller:1.3.1] AndroidManifest.xml:34:9-52:20
172            android:name="androidx.profileinstaller.ProfileInstallReceiver"
172-->[androidx.profileinstaller:profileinstaller:1.3.1] AndroidManifest.xml:35:13-76
173            android:directBootAware="false"
173-->[androidx.profileinstaller:profileinstaller:1.3.1] AndroidManifest.xml:36:13-44
174            android:enabled="true"
174-->[androidx.profileinstaller:profileinstaller:1.3.1] AndroidManifest.xml:37:13-35
175            android:exported="true"
175-->[androidx.profileinstaller:profileinstaller:1.3.1] AndroidManifest.xml:38:13-36
176            android:permission="android.permission.DUMP" >
176-->[androidx.profileinstaller:profileinstaller:1.3.1] AndroidManifest.xml:39:13-57
177            <intent-filter>
177-->[androidx.profileinstaller:profileinstaller:1.3.1] AndroidManifest.xml:40:13-42:29
178                <action android:name="androidx.profileinstaller.action.INSTALL_PROFILE" />
178-->[androidx.profileinstaller:profileinstaller:1.3.1] AndroidManifest.xml:41:17-91
178-->[androidx.profileinstaller:profileinstaller:1.3.1] AndroidManifest.xml:41:25-88
179            </intent-filter>
180            <intent-filter>
180-->[androidx.profileinstaller:profileinstaller:1.3.1] AndroidManifest.xml:43:13-45:29
181                <action android:name="androidx.profileinstaller.action.SKIP_FILE" />
181-->[androidx.profileinstaller:profileinstaller:1.3.1] AndroidManifest.xml:44:17-85
181-->[androidx.profileinstaller:profileinstaller:1.3.1] AndroidManifest.xml:44:25-82
182            </intent-filter>
183            <intent-filter>
183-->[androidx.profileinstaller:profileinstaller:1.3.1] AndroidManifest.xml:46:13-48:29
184                <action android:name="androidx.profileinstaller.action.SAVE_PROFILE" />
184-->[androidx.profileinstaller:profileinstaller:1.3.1] AndroidManifest.xml:47:17-88
184-->[androidx.profileinstaller:profileinstaller:1.3.1] AndroidManifest.xml:47:25-85
185            </intent-filter>
186            <intent-filter>
186-->[androidx.profileinstaller:profileinstaller:1.3.1] AndroidManifest.xml:49:13-51:29
187                <action android:name="androidx.profileinstaller.action.BENCHMARK_OPERATION" />
187-->[androidx.profileinstaller:profileinstaller:1.3.1] AndroidManifest.xml:50:17-95
187-->[androidx.profileinstaller:profileinstaller:1.3.1] AndroidManifest.xml:50:25-92
188            </intent-filter>
189        </receiver>
190
191        <service
191-->[com.google.android.datatransport:transport-backend-cct:3.1.9] AndroidManifest.xml:28:9-34:19
192            android:name="com.google.android.datatransport.runtime.backends.TransportBackendDiscovery"
192-->[com.google.android.datatransport:transport-backend-cct:3.1.9] AndroidManifest.xml:29:13-103
193            android:exported="false" >
193-->[com.google.android.datatransport:transport-backend-cct:3.1.9] AndroidManifest.xml:30:13-37
194            <meta-data
194-->[com.google.android.datatransport:transport-backend-cct:3.1.9] AndroidManifest.xml:31:13-33:39
195                android:name="backend:com.google.android.datatransport.cct.CctBackendFactory"
195-->[com.google.android.datatransport:transport-backend-cct:3.1.9] AndroidManifest.xml:32:17-94
196                android:value="cct" />
196-->[com.google.android.datatransport:transport-backend-cct:3.1.9] AndroidManifest.xml:33:17-36
197        </service>
198        <service
198-->[com.google.android.datatransport:transport-runtime:3.1.9] AndroidManifest.xml:26:9-30:19
199            android:name="com.google.android.datatransport.runtime.scheduling.jobscheduling.JobInfoSchedulerService"
199-->[com.google.android.datatransport:transport-runtime:3.1.9] AndroidManifest.xml:27:13-117
200            android:exported="false"
200-->[com.google.android.datatransport:transport-runtime:3.1.9] AndroidManifest.xml:28:13-37
201            android:permission="android.permission.BIND_JOB_SERVICE" >
201-->[com.google.android.datatransport:transport-runtime:3.1.9] AndroidManifest.xml:29:13-69
202        </service>
203
204        <receiver
204-->[com.google.android.datatransport:transport-runtime:3.1.9] AndroidManifest.xml:32:9-34:40
205            android:name="com.google.android.datatransport.runtime.scheduling.jobscheduling.AlarmManagerSchedulerBroadcastReceiver"
205-->[com.google.android.datatransport:transport-runtime:3.1.9] AndroidManifest.xml:33:13-132
206            android:exported="false" />
206-->[com.google.android.datatransport:transport-runtime:3.1.9] AndroidManifest.xml:34:13-37
207    </application>
208
209</manifest>